2026-04-01 16:56:14,411 [WARNING] Không tìm thấy keyword_config.json. Dùng tập từ khóa rỗng.
2026-04-01 16:56:14,411 [WARNING] Danh sách keyword trống, không cảnh báo gì.
2026-04-01 16:56:14,411 [INFO] Khởi động với 0 keyword
2026-04-01 16:56:14,451 [INFO] ====== WebDriver manager ======
2026-04-01 16:56:17,940 [INFO] Get LATEST chromedriver version for google-chrome
2026-04-01 16:56:18,109 [INFO] Get LATEST chromedriver version for google-chrome
2026-04-01 16:56:18,261 [INFO] There is no [win64] chromedriver "146.0.7680.165" for browser google-chrome "146.0.7680" in cache
2026-04-01 16:56:18,261 [INFO] Get LATEST chromedriver version for google-chrome
2026-04-01 16:56:18,713 [INFO] WebDriver version 146.0.7680.165 selected
2026-04-01 16:56:18,719 [INFO] Modern chrome version https://storage.googleapis.com/chrome-for-testing-public/146.0.7680.165/win32/chromedriver-win32.zip
2026-04-01 16:56:18,719 [INFO] About to download new driver from https://storage.googleapis.com/chrome-for-testing-public/146.0.7680.165/win32/chromedriver-win32.zip
2026-04-01 16:56:18,900 [INFO] Driver downloading response is 200
2026-04-01 16:56:19,502 [INFO] Get LATEST chromedriver version for google-chrome
2026-04-01 16:56:19,805 [INFO] Driver has been saved in cache [C:\Users\Gia Bao\.wdm\drivers\chromedriver\win64\146.0.7680.165]
2026-04-01 17:19:07,873 [WARNING] Không tìm thấy keyword_config.json. Dùng tập từ khóa rỗng.
2026-04-01 17:19:07,875 [WARNING] Danh sách keyword trống, không cảnh báo gì.
2026-04-01 17:19:07,875 [INFO] Khởi động với 0 keyword
2026-04-01 17:19:07,910 [INFO] ====== WebDriver manager ======
2026-04-01 17:19:11,667 [INFO] Get LATEST chromedriver version for google-chrome
2026-04-01 17:19:11,815 [INFO] Get LATEST chromedriver version for google-chrome
2026-04-01 17:19:11,995 [INFO] Driver [C:\Users\Gia Bao\.wdm\drivers\chromedriver\win64\146.0.7680.165\chromedriver-win32/chromedriver.exe] found in cache
2026-04-01 17:22:52,981 [WARNING] Không tìm thấy keyword_config.json. Dùng tập từ khóa rỗng.
2026-04-01 17:22:52,981 [WARNING] Danh sách keyword trống, không cảnh báo gì.
2026-04-01 17:22:52,981 [INFO] Khởi động với 0 keyword
2026-04-01 17:22:52,982 [INFO] ====== WebDriver manager ======
2026-04-01 17:22:56,548 [INFO] Get LATEST chromedriver version for google-chrome
2026-04-01 17:22:56,731 [INFO] Get LATEST chromedriver version for google-chrome
2026-04-01 17:22:56,865 [INFO] Driver [C:\Users\Gia Bao\.wdm\drivers\chromedriver\win64\146.0.7680.165\chromedriver-win32/chromedriver.exe] found in cache
2026-04-01 17:22:59,186 [INFO] Mở https://chat.zalo.me để login (quét QR nếu cần)
2026-04-01 17:23:03,706 [INFO] Đã đăng nhập Zalo Web.
2026-04-01 17:23:06,993 [INFO] Chưa có tin nhắn mới trong cuộc trò chuyện hiện tại.
2026-04-01 17:23:06,993 [INFO] Sleep 12.19 giây.
2026-04-01 17:23:22,823 [INFO] Chưa có tin nhắn mới trong cuộc trò chuyện hiện tại.
2026-04-01 17:23:22,824 [INFO] Sleep 12.41 giây.
2026-04-01 17:23:39,815 [INFO] Chưa có tin nhắn mới trong cuộc trò chuyện hiện tại.
2026-04-01 17:23:39,815 [INFO] Sleep 13.16 giây.
2026-04-01 17:23:57,459 [INFO] Chưa có tin nhắn mới trong cuộc trò chuyện hiện tại.
2026-04-01 17:23:57,459 [INFO] Sleep 13.19 giây.
2026-04-01 17:24:14,996 [INFO] Chưa có tin nhắn mới trong cuộc trò chuyện hiện tại.
2026-04-01 17:24:15,012 [INFO] Sleep 13.96 giây.
2026-04-01 17:24:33,082 [INFO] Chưa có tin nhắn mới trong cuộc trò chuyện hiện tại.
2026-04-01 17:24:33,082 [INFO] Sleep 12.99 giây.
2026-04-01 17:24:50,814 [INFO] Chưa có tin nhắn mới trong cuộc trò chuyện hiện tại.
2026-04-01 17:24:50,814 [INFO] Sleep 8.52 giây.
2026-04-01 17:25:02,679 [INFO] Chưa có tin nhắn mới trong cuộc trò chuyện hiện tại.
2026-04-01 17:25:02,679 [INFO] Sleep 12.64 giây.
2026-04-01 17:25:19,554 [INFO] Chưa có tin nhắn mới trong cuộc trò chuyện hiện tại.
2026-04-01 17:25:19,555 [INFO] Sleep 12.21 giây.
2026-04-01 17:25:36,355 [INFO] Chưa có tin nhắn mới trong cuộc trò chuyện hiện tại.
2026-04-01 17:25:36,355 [INFO] Sleep 14.64 giây.
2026-04-01 17:25:55,164 [INFO] Chưa có tin nhắn mới trong cuộc trò chuyện hiện tại.
2026-04-01 17:25:55,164 [INFO] Sleep 13.65 giây.
2026-04-01 17:26:12,992 [INFO] Chưa có tin nhắn mới trong cuộc trò chuyện hiện tại.
2026-04-01 17:26:12,992 [INFO] Sleep 8.7 giây.
2026-04-01 17:26:26,125 [INFO] Chưa có tin nhắn mới trong cuộc trò chuyện hiện tại.
2026-04-01 17:26:26,125 [INFO] Sleep 9.78 giây.
2026-04-01 17:26:40,284 [INFO] Chưa có tin nhắn mới trong cuộc trò chuyện hiện tại.
2026-04-01 17:26:40,284 [INFO] Sleep 9.55 giây.
2026-04-01 17:26:54,396 [INFO] Chưa có tin nhắn mới trong cuộc trò chuyện hiện tại.
2026-04-01 17:26:54,396 [INFO] Sleep 9.37 giây.
2026-04-01 17:27:07,946 [INFO] Chưa có tin nhắn mới trong cuộc trò chuyện hiện tại.
2026-04-01 17:27:07,962 [INFO] Sleep 12.47 giây.
2026-04-01 17:27:24,779 [INFO] Chưa có tin nhắn mới trong cuộc trò chuyện hiện tại.
2026-04-01 17:27:24,779 [INFO] Sleep 8.69 giây.
2026-04-01 17:27:37,508 [INFO] Chưa có tin nhắn mới trong cuộc trò chuyện hiện tại.
2026-04-01 17:27:37,508 [INFO] Sleep 13.98 giây.
2026-04-01 17:27:55,717 [INFO] Chưa có tin nhắn mới trong cuộc trò chuyện hiện tại.
2026-04-01 17:27:55,718 [INFO] Sleep 14.07 giây.
2026-04-01 17:28:14,122 [INFO] Chưa có tin nhắn mới trong cuộc trò chuyện hiện tại.
2026-04-01 17:28:14,122 [INFO] Sleep 14.52 giây.
2026-04-01 17:28:35,883 [INFO] Chưa có tin nhắn mới trong cuộc trò chuyện hiện tại.
2026-04-01 17:28:35,883 [INFO] Sleep 11.12 giây.
2026-04-01 17:28:54,092 [INFO] Chưa có tin nhắn mới trong cuộc trò chuyện hiện tại.
2026-04-01 17:28:54,092 [INFO] Sleep 9.03 giây.
2026-04-01 17:29:09,847 [INFO] Chưa có tin nhắn mới trong cuộc trò chuyện hiện tại.
2026-04-01 17:29:09,847 [INFO] Sleep 12.26 giây.
2026-04-01 17:29:28,923 [INFO] Chưa có tin nhắn mới trong cuộc trò chuyện hiện tại.
2026-04-01 17:29:28,923 [INFO] Sleep 12.14 giây.
2026-04-01 17:29:48,012 [INFO] Chưa có tin nhắn mới trong cuộc trò chuyện hiện tại.
2026-04-01 17:29:48,028 [INFO] Sleep 13.85 giây.
2026-04-01 17:30:08,604 [INFO] Chưa có tin nhắn mới trong cuộc trò chuyện hiện tại.
2026-04-01 17:30:08,604 [INFO] Sleep 9.03 giây.
2026-04-01 17:30:23,914 [INFO] Chưa có tin nhắn mới trong cuộc trò chuyện hiện tại.
2026-04-01 17:30:23,916 [INFO] Sleep 10.08 giây.
2026-04-01 17:30:40,590 [INFO] Chưa có tin nhắn mới trong cuộc trò chuyện hiện tại.
2026-04-01 17:30:40,590 [INFO] Sleep 12.64 giây.
2026-04-01 17:30:59,668 [INFO] Chưa có tin nhắn mới trong cuộc trò chuyện hiện tại.
2026-04-01 17:30:59,668 [INFO] Sleep 12.82 giây.
2026-04-01 17:31:19,798 [INFO] Chưa có tin nhắn mới trong cuộc trò chuyện hiện tại.
2026-04-01 17:31:19,798 [INFO] Sleep 14.77 giây.
2026-04-01 17:31:41,138 [INFO] Chưa có tin nhắn mới trong cuộc trò chuyện hiện tại.
2026-04-01 17:31:41,138 [INFO] Sleep 14.49 giây.
2026-04-01 17:32:01,826 [INFO] Chưa có tin nhắn mới trong cuộc trò chuyện hiện tại.
2026-04-01 17:32:01,826 [INFO] Sleep 13.22 giây.
2026-04-01 17:32:21,229 [INFO] Chưa có tin nhắn mới trong cuộc trò chuyện hiện tại.
2026-04-01 17:32:21,229 [INFO] Sleep 10.24 giây.
2026-04-01 17:32:38,672 [INFO] Chưa có tin nhắn mới trong cuộc trò chuyện hiện tại.
2026-04-01 17:32:38,672 [INFO] Sleep 10.0 giây.
2026-04-01 17:32:55,321 [INFO] Chưa có tin nhắn mới trong cuộc trò chuyện hiện tại.
2026-04-01 17:32:55,321 [INFO] Sleep 11.77 giây.
2026-04-01 17:33:13,357 [INFO] Chưa có tin nhắn mới trong cuộc trò chuyện hiện tại.
2026-04-01 17:33:13,357 [INFO] Sleep 13.86 giây.
2026-04-01 17:33:30,276 [INFO] Chưa có tin nhắn mới trong cuộc trò chuyện hiện tại.
2026-04-01 17:33:30,277 [INFO] Sleep 14.8 giây.
2026-04-01 17:33:48,628 [INFO] Chưa có tin nhắn mới trong cuộc trò chuyện hiện tại.
2026-04-01 17:33:48,628 [INFO] Sleep 13.76 giây.
2026-04-01 17:34:05,293 [INFO] Chưa có tin nhắn mới trong cuộc trò chuyện hiện tại.
2026-04-01 17:34:05,293 [INFO] Sleep 14.79 giây.
2026-04-01 17:34:23,036 [INFO] Chưa có tin nhắn mới trong cuộc trò chuyện hiện tại.
2026-04-01 17:34:23,036 [INFO] Sleep 13.38 giây.
2026-04-01 17:34:40,089 [INFO] Chưa có tin nhắn mới trong cuộc trò chuyện hiện tại.
2026-04-01 17:34:40,089 [INFO] Sleep 13.24 giây.
2026-04-01 17:34:56,227 [INFO] Chưa có tin nhắn mới trong cuộc trò chuyện hiện tại.
2026-04-01 17:34:56,227 [INFO] Sleep 8.69 giây.
2026-04-01 17:35:07,618 [INFO] Chưa có tin nhắn mới trong cuộc trò chuyện hiện tại.
2026-04-01 17:35:07,618 [INFO] Sleep 13.09 giây.
2026-04-01 17:35:24,239 [INFO] Chưa có tin nhắn mới trong cuộc trò chuyện hiện tại.
2026-04-01 17:35:24,239 [INFO] Sleep 9.83 giây.
2026-04-01 17:35:37,852 [INFO] Chưa có tin nhắn mới trong cuộc trò chuyện hiện tại.
2026-04-01 17:35:37,852 [INFO] Sleep 13.83 giây.
2026-04-01 17:35:54,723 [INFO] Chưa có tin nhắn mới trong cuộc trò chuyện hiện tại.
2026-04-01 17:35:54,723 [INFO] Sleep 9.67 giây.
2026-04-01 17:35:55,146 [INFO] Khởi động với 1 keyword
2026-04-01 17:35:55,146 [INFO] ====== WebDriver manager ======
2026-04-01 17:35:58,925 [INFO] Get LATEST chromedriver version for google-chrome
2026-04-01 17:35:59,144 [INFO] Get LATEST chromedriver version for google-chrome
2026-04-01 17:35:59,340 [INFO] Driver [C:\Users\Gia Bao\.wdm\drivers\chromedriver\win64\146.0.7680.165\chromedriver-win32/chromedriver.exe] found in cache
2026-04-01 17:36:07,751 [INFO] Chưa có tin nhắn mới trong cuộc trò chuyện hiện tại.
2026-04-01 17:36:07,751 [INFO] Sleep 11.98 giây.
2026-04-01 17:36:22,630 [INFO] Chưa có tin nhắn mới trong cuộc trò chuyện hiện tại.
2026-04-01 17:36:22,630 [INFO] Sleep 13.02 giây.
2026-04-01 17:36:38,619 [INFO] Chưa có tin nhắn mới trong cuộc trò chuyện hiện tại.
2026-04-01 17:36:38,619 [INFO] Sleep 14.69 giây.
2026-04-01 17:36:56,360 [INFO] Chưa có tin nhắn mới trong cuộc trò chuyện hiện tại.
2026-04-01 17:36:56,360 [INFO] Sleep 9.4 giây.
2026-04-01 17:37:09,400 [INFO] Chưa có tin nhắn mới trong cuộc trò chuyện hiện tại.
2026-04-01 17:37:09,400 [INFO] Sleep 10.45 giây.
2026-04-01 17:37:23,144 [INFO] Chưa có tin nhắn mới trong cuộc trò chuyện hiện tại.
2026-04-01 17:37:23,144 [INFO] Sleep 8.71 giây.
2026-04-01 17:37:31,856 [ERROR] Lỗi tạm thời, retry: Message: invalid session id: session deleted as the browser has closed the connection
from disconnected: not connected to DevTools
  (Session info: chrome=146.0.7680.165); For documentation on this error, please visit: https://www.selenium.dev/documentation/webdriver/troubleshooting/errors#invalidsessionidexception
Stacktrace:
	chromedriver!GetHandleVerifier [0x9ecdf3+10b03]
	chromedriver!GetHandleVerifier [0x9ecf24+10c34]
	chromedriver!(No symbol) [0x7d2120]
	chromedriver!(No symbol) [0x7c108e]
	chromedriver!(No symbol) [0x7dfbe9]
	chromedriver!(No symbol) [0x84450c]
	chromedriver!(No symbol) [0x85a309]
	chromedriver!(No symbol) [0x83d8a6]
	chromedriver!(No symbol) [0x810229]
	chromedriver!(No symbol) [0x810fe4]
	chromedriver!GetHandleVerifier [0xc548b9+2785c9]
	chromedriver!GetHandleVerifier [0xc4feb5+273bc5]
	chromedriver!GetHandleVerifier [0xc6e06b+291d7b]
	chromedriver!GetHandleVerifier [0xa05cc8+299d8]
	chromedriver!GetHandleVerifier [0xa0d9fd+3170d]
	chromedriver!GetHandleVerifier [0x9f58c8+195d8]
	chromedriver!GetHandleVerifier [0x9f5a92+197a2]
	chromedriver!GetHandleVerifier [0x9dee9a+2baa]
	KERNEL32!BaseThreadInitThunk [0x75e35d49+19]
	ntdll!RtlInitializeExceptionChain [0x76fbd81b+6b]
	ntdll!RtlGetAppContainerNamedObjectPath [0x76fbd7a1+231]
Traceback (most recent call last):
  File "c:\Users\Gia Bao\Documents\Dự án cá nhân\Đọc tin nhắn zalo\zalo_monitor\zalo_monitor.py", line 141, in run_loop
    driver.refresh()
  File "C:\Users\Gia Bao\AppData\Local\Programs\Python\Python310\lib\site-packages\selenium\webdriver\remote\webdriver.py", line 641, in refresh
    self.execute(Command.REFRESH)
  File "C:\Users\Gia Bao\AppData\Local\Programs\Python\Python310\lib\site-packages\selenium\webdriver\remote\webdriver.py", line 446, in execute
    self.error_handler.check_response(response)
  File "C:\Users\Gia Bao\AppData\Local\Programs\Python\Python310\lib\site-packages\selenium\webdriver\remote\errorhandler.py", line 232, in check_response
    raise exception_class(message, screen, stacktrace)
selenium.common.exceptions.InvalidSessionIdException: Message: invalid session id: session deleted as the browser has closed the connection
from disconnected: not connected to DevTools
  (Session info: chrome=146.0.7680.165); For documentation on this error, please visit: https://www.selenium.dev/documentation/webdriver/troubleshooting/errors#invalidsessionidexception
Stacktrace:
	chromedriver!GetHandleVerifier [0x9ecdf3+10b03]
	chromedriver!GetHandleVerifier [0x9ecf24+10c34]
	chromedriver!(No symbol) [0x7d2120]
	chromedriver!(No symbol) [0x7c108e]
	chromedriver!(No symbol) [0x7dfbe9]
	chromedriver!(No symbol) [0x84450c]
	chromedriver!(No symbol) [0x85a309]
	chromedriver!(No symbol) [0x83d8a6]
	chromedriver!(No symbol) [0x810229]
	chromedriver!(No symbol) [0x810fe4]
	chromedriver!GetHandleVerifier [0xc548b9+2785c9]
	chromedriver!GetHandleVerifier [0xc4feb5+273bc5]
	chromedriver!GetHandleVerifier [0xc6e06b+291d7b]
	chromedriver!GetHandleVerifier [0xa05cc8+299d8]
	chromedriver!GetHandleVerifier [0xa0d9fd+3170d]
	chromedriver!GetHandleVerifier [0x9f58c8+195d8]
	chromedriver!GetHandleVerifier [0x9f5a92+197a2]
	chromedriver!GetHandleVerifier [0x9dee9a+2baa]
	KERNEL32!BaseThreadInitThunk [0x75e35d49+19]
	ntdll!RtlInitializeExceptionChain [0x76fbd81b+6b]
	ntdll!RtlGetAppContainerNamedObjectPath [0x76fbd7a1+231]

2026-04-01 17:37:47,598 [INFO] Sleep 8.46 giây.
2026-04-01 17:37:56,071 [ERROR] Lỗi tạm thời, retry: Message: invalid session id; For documentation on this error, please visit: https://www.selenium.dev/documentation/webdriver/troubleshooting/errors#invalidsessionidexception
Stacktrace:
	chromedriver!GetHandleVerifier [0x9ecdf3+10b03]
	chromedriver!GetHandleVerifier [0x9ecf24+10c34]
	chromedriver!(No symbol) [0x7d1f5e]
	chromedriver!(No symbol) [0x80f4b7]
	chromedriver!(No symbol) [0x83d9c6]
	chromedriver!(No symbol) [0x838e42]
	chromedriver!(No symbol) [0x838462]
	chromedriver!(No symbol) [0x7a534e]
	chromedriver!(No symbol) [0x7a58ee]
	chromedriver!(No symbol) [0x7a5dcd]
	chromedriver!GetHandleVerifier [0xc548b9+2785c9]
	chromedriver!GetHandleVerifier [0xc4feb5+273bc5]
	chromedriver!GetHandleVerifier [0xc6e06b+291d7b]
	chromedriver!GetHandleVerifier [0xa05cc8+299d8]
	chromedriver!GetHandleVerifier [0xa0d9fd+3170d]
	chromedriver!(No symbol) [0x7a4ee9]
	chromedriver!(No symbol) [0x7a4530]
	chromedriver!GetHandleVerifier [0xda2e9f+3c6baf]
	KERNEL32!BaseThreadInitThunk [0x75e35d49+19]
	ntdll!RtlInitializeExceptionChain [0x76fbd81b+6b]
	ntdll!RtlGetAppContainerNamedObjectPath [0x76fbd7a1+231]
Traceback (most recent call last):
  File "c:\Users\Gia Bao\Documents\Dự án cá nhân\Đọc tin nhắn zalo\zalo_monitor\zalo_monitor.py", line 141, in run_loop
    driver.refresh()
  File "C:\Users\Gia Bao\AppData\Local\Programs\Python\Python310\lib\site-packages\selenium\webdriver\remote\webdriver.py", line 641, in refresh
    self.execute(Command.REFRESH)
  File "C:\Users\Gia Bao\AppData\Local\Programs\Python\Python310\lib\site-packages\selenium\webdriver\remote\webdriver.py", line 446, in execute
    self.error_handler.check_response(response)
  File "C:\Users\Gia Bao\AppData\Local\Programs\Python\Python310\lib\site-packages\selenium\webdriver\remote\errorhandler.py", line 232, in check_response
    raise exception_class(message, screen, stacktrace)
selenium.common.exceptions.InvalidSessionIdException: Message: invalid session id; For documentation on this error, please visit: https://www.selenium.dev/documentation/webdriver/troubleshooting/errors#invalidsessionidexception
Stacktrace:
	chromedriver!GetHandleVerifier [0x9ecdf3+10b03]
	chromedriver!GetHandleVerifier [0x9ecf24+10c34]
	chromedriver!(No symbol) [0x7d1f5e]
	chromedriver!(No symbol) [0x80f4b7]
	chromedriver!(No symbol) [0x83d9c6]
	chromedriver!(No symbol) [0x838e42]
	chromedriver!(No symbol) [0x838462]
	chromedriver!(No symbol) [0x7a534e]
	chromedriver!(No symbol) [0x7a58ee]
	chromedriver!(No symbol) [0x7a5dcd]
	chromedriver!GetHandleVerifier [0xc548b9+2785c9]
	chromedriver!GetHandleVerifier [0xc4feb5+273bc5]
	chromedriver!GetHandleVerifier [0xc6e06b+291d7b]
	chromedriver!GetHandleVerifier [0xa05cc8+299d8]
	chromedriver!GetHandleVerifier [0xa0d9fd+3170d]
	chromedriver!(No symbol) [0x7a4ee9]
	chromedriver!(No symbol) [0x7a4530]
	chromedriver!GetHandleVerifier [0xda2e9f+3c6baf]
	KERNEL32!BaseThreadInitThunk [0x75e35d49+19]
	ntdll!RtlInitializeExceptionChain [0x76fbd81b+6b]
	ntdll!RtlGetAppContainerNamedObjectPath [0x76fbd7a1+231]

2026-04-01 17:38:12,863 [INFO] Sleep 11.98 giây.
2026-04-01 17:38:24,844 [ERROR] Lỗi tạm thời, retry: Message: invalid session id; For documentation on this error, please visit: https://www.selenium.dev/documentation/webdriver/troubleshooting/errors#invalidsessionidexception
Stacktrace:
	chromedriver!GetHandleVerifier [0x9ecdf3+10b03]
	chromedriver!GetHandleVerifier [0x9ecf24+10c34]
	chromedriver!(No symbol) [0x7d1f5e]
	chromedriver!(No symbol) [0x80f4b7]
	chromedriver!(No symbol) [0x83d9c6]
	chromedriver!(No symbol) [0x838e42]
	chromedriver!(No symbol) [0x838462]
	chromedriver!(No symbol) [0x7a534e]
	chromedriver!(No symbol) [0x7a58ee]
	chromedriver!(No symbol) [0x7a5dcd]
	chromedriver!GetHandleVerifier [0xc548b9+2785c9]
	chromedriver!GetHandleVerifier [0xc4feb5+273bc5]
	chromedriver!GetHandleVerifier [0xc6e06b+291d7b]
	chromedriver!GetHandleVerifier [0xa05cc8+299d8]
	chromedriver!GetHandleVerifier [0xa0d9fd+3170d]
	chromedriver!(No symbol) [0x7a4ee9]
	chromedriver!(No symbol) [0x7a4530]
	chromedriver!GetHandleVerifier [0xda2e9f+3c6baf]
	KERNEL32!BaseThreadInitThunk [0x75e35d49+19]
	ntdll!RtlInitializeExceptionChain [0x76fbd81b+6b]
	ntdll!RtlGetAppContainerNamedObjectPath [0x76fbd7a1+231]
Traceback (most recent call last):
  File "c:\Users\Gia Bao\Documents\Dự án cá nhân\Đọc tin nhắn zalo\zalo_monitor\zalo_monitor.py", line 141, in run_loop
    driver.refresh()
  File "C:\Users\Gia Bao\AppData\Local\Programs\Python\Python310\lib\site-packages\selenium\webdriver\remote\webdriver.py", line 641, in refresh
    self.execute(Command.REFRESH)
  File "C:\Users\Gia Bao\AppData\Local\Programs\Python\Python310\lib\site-packages\selenium\webdriver\remote\webdriver.py", line 446, in execute
    self.error_handler.check_response(response)
  File "C:\Users\Gia Bao\AppData\Local\Programs\Python\Python310\lib\site-packages\selenium\webdriver\remote\errorhandler.py", line 232, in check_response
    raise exception_class(message, screen, stacktrace)
selenium.common.exceptions.InvalidSessionIdException: Message: invalid session id; For documentation on this error, please visit: https://www.selenium.dev/documentation/webdriver/troubleshooting/errors#invalidsessionidexception
Stacktrace:
	chromedriver!GetHandleVerifier [0x9ecdf3+10b03]
	chromedriver!GetHandleVerifier [0x9ecf24+10c34]
	chromedriver!(No symbol) [0x7d1f5e]
	chromedriver!(No symbol) [0x80f4b7]
	chromedriver!(No symbol) [0x83d9c6]
	chromedriver!(No symbol) [0x838e42]
	chromedriver!(No symbol) [0x838462]
	chromedriver!(No symbol) [0x7a534e]
	chromedriver!(No symbol) [0x7a58ee]
	chromedriver!(No symbol) [0x7a5dcd]
	chromedriver!GetHandleVerifier [0xc548b9+2785c9]
	chromedriver!GetHandleVerifier [0xc4feb5+273bc5]
	chromedriver!GetHandleVerifier [0xc6e06b+291d7b]
	chromedriver!GetHandleVerifier [0xa05cc8+299d8]
	chromedriver!GetHandleVerifier [0xa0d9fd+3170d]
	chromedriver!(No symbol) [0x7a4ee9]
	chromedriver!(No symbol) [0x7a4530]
	chromedriver!GetHandleVerifier [0xda2e9f+3c6baf]
	KERNEL32!BaseThreadInitThunk [0x75e35d49+19]
	ntdll!RtlInitializeExceptionChain [0x76fbd81b+6b]
	ntdll!RtlGetAppContainerNamedObjectPath [0x76fbd7a1+231]

2026-04-01 17:38:38,809 [INFO] Sleep 8.76 giây.
2026-04-01 17:38:47,573 [ERROR] Lỗi tạm thời, retry: Message: invalid session id; For documentation on this error, please visit: https://www.selenium.dev/documentation/webdriver/troubleshooting/errors#invalidsessionidexception
Stacktrace:
	chromedriver!GetHandleVerifier [0x9ecdf3+10b03]
	chromedriver!GetHandleVerifier [0x9ecf24+10c34]
	chromedriver!(No symbol) [0x7d1f5e]
	chromedriver!(No symbol) [0x80f4b7]
	chromedriver!(No symbol) [0x83d9c6]
	chromedriver!(No symbol) [0x838e42]
	chromedriver!(No symbol) [0x838462]
	chromedriver!(No symbol) [0x7a534e]
	chromedriver!(No symbol) [0x7a58ee]
	chromedriver!(No symbol) [0x7a5dcd]
	chromedriver!GetHandleVerifier [0xc548b9+2785c9]
	chromedriver!GetHandleVerifier [0xc4feb5+273bc5]
	chromedriver!GetHandleVerifier [0xc6e06b+291d7b]
	chromedriver!GetHandleVerifier [0xa05cc8+299d8]
	chromedriver!GetHandleVerifier [0xa0d9fd+3170d]
	chromedriver!(No symbol) [0x7a4ee9]
	chromedriver!(No symbol) [0x7a4530]
	chromedriver!GetHandleVerifier [0xda2e9f+3c6baf]
	KERNEL32!BaseThreadInitThunk [0x75e35d49+19]
	ntdll!RtlInitializeExceptionChain [0x76fbd81b+6b]
	ntdll!RtlGetAppContainerNamedObjectPath [0x76fbd7a1+231]
Traceback (most recent call last):
  File "c:\Users\Gia Bao\Documents\Dự án cá nhân\Đọc tin nhắn zalo\zalo_monitor\zalo_monitor.py", line 141, in run_loop
    driver.refresh()
  File "C:\Users\Gia Bao\AppData\Local\Programs\Python\Python310\lib\site-packages\selenium\webdriver\remote\webdriver.py", line 641, in refresh
    self.execute(Command.REFRESH)
  File "C:\Users\Gia Bao\AppData\Local\Programs\Python\Python310\lib\site-packages\selenium\webdriver\remote\webdriver.py", line 446, in execute
    self.error_handler.check_response(response)
  File "C:\Users\Gia Bao\AppData\Local\Programs\Python\Python310\lib\site-packages\selenium\webdriver\remote\errorhandler.py", line 232, in check_response
    raise exception_class(message, screen, stacktrace)
selenium.common.exceptions.InvalidSessionIdException: Message: invalid session id; For documentation on this error, please visit: https://www.selenium.dev/documentation/webdriver/troubleshooting/errors#invalidsessionidexception
Stacktrace:
	chromedriver!GetHandleVerifier [0x9ecdf3+10b03]
	chromedriver!GetHandleVerifier [0x9ecf24+10c34]
	chromedriver!(No symbol) [0x7d1f5e]
	chromedriver!(No symbol) [0x80f4b7]
	chromedriver!(No symbol) [0x83d9c6]
	chromedriver!(No symbol) [0x838e42]
	chromedriver!(No symbol) [0x838462]
	chromedriver!(No symbol) [0x7a534e]
	chromedriver!(No symbol) [0x7a58ee]
	chromedriver!(No symbol) [0x7a5dcd]
	chromedriver!GetHandleVerifier [0xc548b9+2785c9]
	chromedriver!GetHandleVerifier [0xc4feb5+273bc5]
	chromedriver!GetHandleVerifier [0xc6e06b+291d7b]
	chromedriver!GetHandleVerifier [0xa05cc8+299d8]
	chromedriver!GetHandleVerifier [0xa0d9fd+3170d]
	chromedriver!(No symbol) [0x7a4ee9]
	chromedriver!(No symbol) [0x7a4530]
	chromedriver!GetHandleVerifier [0xda2e9f+3c6baf]
	KERNEL32!BaseThreadInitThunk [0x75e35d49+19]
	ntdll!RtlInitializeExceptionChain [0x76fbd81b+6b]
	ntdll!RtlGetAppContainerNamedObjectPath [0x76fbd7a1+231]

2026-04-01 17:38:59,405 [INFO] Sleep 12.94 giây.
2026-04-01 17:39:12,361 [ERROR] Lỗi tạm thời, retry: Message: invalid session id; For documentation on this error, please visit: https://www.selenium.dev/documentation/webdriver/troubleshooting/errors#invalidsessionidexception
Stacktrace:
	chromedriver!GetHandleVerifier [0x9ecdf3+10b03]
	chromedriver!GetHandleVerifier [0x9ecf24+10c34]
	chromedriver!(No symbol) [0x7d1f5e]
	chromedriver!(No symbol) [0x80f4b7]
	chromedriver!(No symbol) [0x83d9c6]
	chromedriver!(No symbol) [0x838e42]
	chromedriver!(No symbol) [0x838462]
	chromedriver!(No symbol) [0x7a534e]
	chromedriver!(No symbol) [0x7a58ee]
	chromedriver!(No symbol) [0x7a5dcd]
	chromedriver!GetHandleVerifier [0xc548b9+2785c9]
	chromedriver!GetHandleVerifier [0xc4feb5+273bc5]
	chromedriver!GetHandleVerifier [0xc6e06b+291d7b]
	chromedriver!GetHandleVerifier [0xa05cc8+299d8]
	chromedriver!GetHandleVerifier [0xa0d9fd+3170d]
	chromedriver!(No symbol) [0x7a4ee9]
	chromedriver!(No symbol) [0x7a4530]
	chromedriver!GetHandleVerifier [0xda2e9f+3c6baf]
	KERNEL32!BaseThreadInitThunk [0x75e35d49+19]
	ntdll!RtlInitializeExceptionChain [0x76fbd81b+6b]
	ntdll!RtlGetAppContainerNamedObjectPath [0x76fbd7a1+231]
Traceback (most recent call last):
  File "c:\Users\Gia Bao\Documents\Dự án cá nhân\Đọc tin nhắn zalo\zalo_monitor\zalo_monitor.py", line 141, in run_loop
    driver.refresh()
  File "C:\Users\Gia Bao\AppData\Local\Programs\Python\Python310\lib\site-packages\selenium\webdriver\remote\webdriver.py", line 641, in refresh
    self.execute(Command.REFRESH)
  File "C:\Users\Gia Bao\AppData\Local\Programs\Python\Python310\lib\site-packages\selenium\webdriver\remote\webdriver.py", line 446, in execute
    self.error_handler.check_response(response)
  File "C:\Users\Gia Bao\AppData\Local\Programs\Python\Python310\lib\site-packages\selenium\webdriver\remote\errorhandler.py", line 232, in check_response
    raise exception_class(message, screen, stacktrace)
selenium.common.exceptions.InvalidSessionIdException: Message: invalid session id; For documentation on this error, please visit: https://www.selenium.dev/documentation/webdriver/troubleshooting/errors#invalidsessionidexception
Stacktrace:
	chromedriver!GetHandleVerifier [0x9ecdf3+10b03]
	chromedriver!GetHandleVerifier [0x9ecf24+10c34]
	chromedriver!(No symbol) [0x7d1f5e]
	chromedriver!(No symbol) [0x80f4b7]
	chromedriver!(No symbol) [0x83d9c6]
	chromedriver!(No symbol) [0x838e42]
	chromedriver!(No symbol) [0x838462]
	chromedriver!(No symbol) [0x7a534e]
	chromedriver!(No symbol) [0x7a58ee]
	chromedriver!(No symbol) [0x7a5dcd]
	chromedriver!GetHandleVerifier [0xc548b9+2785c9]
	chromedriver!GetHandleVerifier [0xc4feb5+273bc5]
	chromedriver!GetHandleVerifier [0xc6e06b+291d7b]
	chromedriver!GetHandleVerifier [0xa05cc8+299d8]
	chromedriver!GetHandleVerifier [0xa0d9fd+3170d]
	chromedriver!(No symbol) [0x7a4ee9]
	chromedriver!(No symbol) [0x7a4530]
	chromedriver!GetHandleVerifier [0xda2e9f+3c6baf]
	KERNEL32!BaseThreadInitThunk [0x75e35d49+19]
	ntdll!RtlInitializeExceptionChain [0x76fbd81b+6b]
	ntdll!RtlGetAppContainerNamedObjectPath [0x76fbd7a1+231]

2026-04-01 17:39:26,385 [INFO] Sleep 12.26 giây.
2026-04-01 17:39:38,661 [ERROR] Lỗi tạm thời, retry: Message: invalid session id; For documentation on this error, please visit: https://www.selenium.dev/documentation/webdriver/troubleshooting/errors#invalidsessionidexception
Stacktrace:
	chromedriver!GetHandleVerifier [0x9ecdf3+10b03]
	chromedriver!GetHandleVerifier [0x9ecf24+10c34]
	chromedriver!(No symbol) [0x7d1f5e]
	chromedriver!(No symbol) [0x80f4b7]
	chromedriver!(No symbol) [0x83d9c6]
	chromedriver!(No symbol) [0x838e42]
	chromedriver!(No symbol) [0x838462]
	chromedriver!(No symbol) [0x7a534e]
	chromedriver!(No symbol) [0x7a58ee]
	chromedriver!(No symbol) [0x7a5dcd]
	chromedriver!GetHandleVerifier [0xc548b9+2785c9]
	chromedriver!GetHandleVerifier [0xc4feb5+273bc5]
	chromedriver!GetHandleVerifier [0xc6e06b+291d7b]
	chromedriver!GetHandleVerifier [0xa05cc8+299d8]
	chromedriver!GetHandleVerifier [0xa0d9fd+3170d]
	chromedriver!(No symbol) [0x7a4ee9]
	chromedriver!(No symbol) [0x7a4530]
	chromedriver!GetHandleVerifier [0xda2e9f+3c6baf]
	KERNEL32!BaseThreadInitThunk [0x75e35d49+19]
	ntdll!RtlInitializeExceptionChain [0x76fbd81b+6b]
	ntdll!RtlGetAppContainerNamedObjectPath [0x76fbd7a1+231]
Traceback (most recent call last):
  File "c:\Users\Gia Bao\Documents\Dự án cá nhân\Đọc tin nhắn zalo\zalo_monitor\zalo_monitor.py", line 141, in run_loop
    driver.refresh()
  File "C:\Users\Gia Bao\AppData\Local\Programs\Python\Python310\lib\site-packages\selenium\webdriver\remote\webdriver.py", line 641, in refresh
    self.execute(Command.REFRESH)
  File "C:\Users\Gia Bao\AppData\Local\Programs\Python\Python310\lib\site-packages\selenium\webdriver\remote\webdriver.py", line 446, in execute
    self.error_handler.check_response(response)
  File "C:\Users\Gia Bao\AppData\Local\Programs\Python\Python310\lib\site-packages\selenium\webdriver\remote\errorhandler.py", line 232, in check_response
    raise exception_class(message, screen, stacktrace)
selenium.common.exceptions.InvalidSessionIdException: Message: invalid session id; For documentation on this error, please visit: https://www.selenium.dev/documentation/webdriver/troubleshooting/errors#invalidsessionidexception
Stacktrace:
	chromedriver!GetHandleVerifier [0x9ecdf3+10b03]
	chromedriver!GetHandleVerifier [0x9ecf24+10c34]
	chromedriver!(No symbol) [0x7d1f5e]
	chromedriver!(No symbol) [0x80f4b7]
	chromedriver!(No symbol) [0x83d9c6]
	chromedriver!(No symbol) [0x838e42]
	chromedriver!(No symbol) [0x838462]
	chromedriver!(No symbol) [0x7a534e]
	chromedriver!(No symbol) [0x7a58ee]
	chromedriver!(No symbol) [0x7a5dcd]
	chromedriver!GetHandleVerifier [0xc548b9+2785c9]
	chromedriver!GetHandleVerifier [0xc4feb5+273bc5]
	chromedriver!GetHandleVerifier [0xc6e06b+291d7b]
	chromedriver!GetHandleVerifier [0xa05cc8+299d8]
	chromedriver!GetHandleVerifier [0xa0d9fd+3170d]
	chromedriver!(No symbol) [0x7a4ee9]
	chromedriver!(No symbol) [0x7a4530]
	chromedriver!GetHandleVerifier [0xda2e9f+3c6baf]
	KERNEL32!BaseThreadInitThunk [0x75e35d49+19]
	ntdll!RtlInitializeExceptionChain [0x76fbd81b+6b]
	ntdll!RtlGetAppContainerNamedObjectPath [0x76fbd7a1+231]

2026-04-01 17:39:50,703 [INFO] Sleep 12.71 giây.
2026-04-01 17:40:03,429 [ERROR] Lỗi tạm thời, retry: Message: invalid session id; For documentation on this error, please visit: https://www.selenium.dev/documentation/webdriver/troubleshooting/errors#invalidsessionidexception
Stacktrace:
	chromedriver!GetHandleVerifier [0x9ecdf3+10b03]
	chromedriver!GetHandleVerifier [0x9ecf24+10c34]
	chromedriver!(No symbol) [0x7d1f5e]
	chromedriver!(No symbol) [0x80f4b7]
	chromedriver!(No symbol) [0x83d9c6]
	chromedriver!(No symbol) [0x838e42]
	chromedriver!(No symbol) [0x838462]
	chromedriver!(No symbol) [0x7a534e]
	chromedriver!(No symbol) [0x7a58ee]
	chromedriver!(No symbol) [0x7a5dcd]
	chromedriver!GetHandleVerifier [0xc548b9+2785c9]
	chromedriver!GetHandleVerifier [0xc4feb5+273bc5]
	chromedriver!GetHandleVerifier [0xc6e06b+291d7b]
	chromedriver!GetHandleVerifier [0xa05cc8+299d8]
	chromedriver!GetHandleVerifier [0xa0d9fd+3170d]
	chromedriver!(No symbol) [0x7a4ee9]
	chromedriver!(No symbol) [0x7a4530]
	chromedriver!GetHandleVerifier [0xda2e9f+3c6baf]
	KERNEL32!BaseThreadInitThunk [0x75e35d49+19]
	ntdll!RtlInitializeExceptionChain [0x76fbd81b+6b]
	ntdll!RtlGetAppContainerNamedObjectPath [0x76fbd7a1+231]
Traceback (most recent call last):
  File "c:\Users\Gia Bao\Documents\Dự án cá nhân\Đọc tin nhắn zalo\zalo_monitor\zalo_monitor.py", line 141, in run_loop
    driver.refresh()
  File "C:\Users\Gia Bao\AppData\Local\Programs\Python\Python310\lib\site-packages\selenium\webdriver\remote\webdriver.py", line 641, in refresh
    self.execute(Command.REFRESH)
  File "C:\Users\Gia Bao\AppData\Local\Programs\Python\Python310\lib\site-packages\selenium\webdriver\remote\webdriver.py", line 446, in execute
    self.error_handler.check_response(response)
  File "C:\Users\Gia Bao\AppData\Local\Programs\Python\Python310\lib\site-packages\selenium\webdriver\remote\errorhandler.py", line 232, in check_response
    raise exception_class(message, screen, stacktrace)
selenium.common.exceptions.InvalidSessionIdException: Message: invalid session id; For documentation on this error, please visit: https://www.selenium.dev/documentation/webdriver/troubleshooting/errors#invalidsessionidexception
Stacktrace:
	chromedriver!GetHandleVerifier [0x9ecdf3+10b03]
	chromedriver!GetHandleVerifier [0x9ecf24+10c34]
	chromedriver!(No symbol) [0x7d1f5e]
	chromedriver!(No symbol) [0x80f4b7]
	chromedriver!(No symbol) [0x83d9c6]
	chromedriver!(No symbol) [0x838e42]
	chromedriver!(No symbol) [0x838462]
	chromedriver!(No symbol) [0x7a534e]
	chromedriver!(No symbol) [0x7a58ee]
	chromedriver!(No symbol) [0x7a5dcd]
	chromedriver!GetHandleVerifier [0xc548b9+2785c9]
	chromedriver!GetHandleVerifier [0xc4feb5+273bc5]
	chromedriver!GetHandleVerifier [0xc6e06b+291d7b]
	chromedriver!GetHandleVerifier [0xa05cc8+299d8]
	chromedriver!GetHandleVerifier [0xa0d9fd+3170d]
	chromedriver!(No symbol) [0x7a4ee9]
	chromedriver!(No symbol) [0x7a4530]
	chromedriver!GetHandleVerifier [0xda2e9f+3c6baf]
	KERNEL32!BaseThreadInitThunk [0x75e35d49+19]
	ntdll!RtlInitializeExceptionChain [0x76fbd81b+6b]
	ntdll!RtlGetAppContainerNamedObjectPath [0x76fbd7a1+231]

2026-04-01 17:40:19,277 [INFO] Sleep 10.35 giây.
2026-04-01 17:40:20,298 [INFO] Đóng driver.
2026-04-01 17:40:20,314 [WARNING] Retrying (Retry(total=2, connect=None, read=None, redirect=None, status=None)) after connection broken by 'ConnectionResetError(10054, 'An existing connection was forcibly closed by the remote host', None, 10054, None)': /session/6b60ca8f69586562ef448213520d8b50
2026-04-01 17:40:24,375 [WARNING] Retrying (Retry(total=1, connect=None, read=None, redirect=None, status=None)) after connection broken by 'NewConnectionError("HTTPConnection(host='localhost', port=53361): Failed to establish a new connection: [WinError 10061] No connection could be made because the target machine actively refused it")': /session/6b60ca8f69586562ef448213520d8b50
2026-04-01 17:40:28,427 [WARNING] Retrying (Retry(total=0, connect=None, read=None, redirect=None, status=None)) after connection broken by 'NewConnectionError("HTTPConnection(host='localhost', port=53361): Failed to establish a new connection: [WinError 10061] No connection could be made because the target machine actively refused it")': /session/6b60ca8f69586562ef448213520d8b50
2026-04-01 18:12:46,485 [INFO] Khởi động với 1 keyword
2026-04-01 18:12:46,485 [INFO] ====== WebDriver manager ======
2026-04-01 18:12:50,430 [INFO] Get LATEST chromedriver version for google-chrome
2026-04-01 18:12:50,656 [INFO] Get LATEST chromedriver version for google-chrome
2026-04-01 18:12:50,849 [INFO] Driver [C:\Users\Gia Bao\.wdm\drivers\chromedriver\win64\146.0.7680.165\chromedriver-win32/chromedriver.exe] found in cache
2026-04-01 18:12:52,464 [INFO] Mở https://chat.zalo.me để login (quét QR nếu cần)
2026-04-01 18:12:57,531 [INFO] Đã đăng nhập Zalo Web.
2026-04-01 18:13:00,464 [INFO] Chưa có tin nhắn mới trong cuộc trò chuyện hiện tại.
2026-04-01 18:13:00,464 [INFO] Sleep 13.89 giây.
2026-04-01 18:13:17,208 [INFO] Chưa có tin nhắn mới trong cuộc trò chuyện hiện tại.
2026-04-01 18:13:17,210 [INFO] Sleep 14.27 giây.
2026-04-01 18:13:35,331 [INFO] Chưa có tin nhắn mới trong cuộc trò chuyện hiện tại.
2026-04-01 18:13:35,332 [INFO] Sleep 13.78 giây.
2026-04-01 18:13:53,241 [INFO] Chưa có tin nhắn mới trong cuộc trò chuyện hiện tại.
2026-04-01 18:13:53,241 [INFO] Sleep 12.95 giây.
2026-04-01 18:14:10,981 [INFO] Chưa có tin nhắn mới trong cuộc trò chuyện hiện tại.
2026-04-01 18:14:10,982 [INFO] Sleep 9.45 giây.
2026-04-01 18:14:24,442 [INFO] Chưa có tin nhắn mới trong cuộc trò chuyện hiện tại.
2026-04-01 18:14:24,442 [INFO] Sleep 10.91 giây.
2026-04-01 18:14:41,808 [INFO] Chưa có tin nhắn mới trong cuộc trò chuyện hiện tại.
2026-04-01 18:14:41,809 [INFO] Sleep 13.81 giây.
2026-04-01 18:15:02,442 [INFO] Chưa có tin nhắn mới trong cuộc trò chuyện hiện tại.
2026-04-01 18:15:02,442 [INFO] Sleep 14.68 giây.
2026-04-01 18:15:22,912 [INFO] Chưa có tin nhắn mới trong cuộc trò chuyện hiện tại.
2026-04-01 18:15:22,913 [INFO] Sleep 8.66 giây.
2026-04-01 18:15:38,694 [INFO] Chưa có tin nhắn mới trong cuộc trò chuyện hiện tại.
2026-04-01 18:15:38,694 [INFO] Sleep 14.43 giây.
2026-04-01 18:15:59,916 [INFO] Chưa có tin nhắn mới trong cuộc trò chuyện hiện tại.
2026-04-01 18:15:59,917 [INFO] Sleep 9.49 giây.
2026-04-01 18:16:15,431 [INFO] Chưa có tin nhắn mới trong cuộc trò chuyện hiện tại.
2026-04-01 18:16:15,431 [INFO] Sleep 14.23 giây.
2026-04-01 18:16:36,326 [INFO] Chưa có tin nhắn mới trong cuộc trò chuyện hiện tại.
2026-04-01 18:16:36,326 [INFO] Sleep 12.55 giây.
2026-04-01 18:16:54,873 [INFO] Chưa có tin nhắn mới trong cuộc trò chuyện hiện tại.
2026-04-01 18:16:54,874 [INFO] Sleep 8.14 giây.
2026-04-01 18:17:10,411 [INFO] Chưa có tin nhắn mới trong cuộc trò chuyện hiện tại.
2026-04-01 18:17:10,411 [INFO] Sleep 9.23 giây.
2026-04-01 18:17:23,324 [INFO] Chưa có tin nhắn mới trong cuộc trò chuyện hiện tại.
2026-04-01 18:17:23,324 [INFO] Sleep 13.23 giây.
2026-04-01 18:17:41,045 [INFO] Sleep 9.45 giây.
2026-04-01 18:17:54,316 [INFO] Chưa có tin nhắn mới trong cuộc trò chuyện hiện tại.
2026-04-01 18:17:54,316 [INFO] Sleep 13.5 giây.
2026-04-01 18:18:12,309 [INFO] Chưa có tin nhắn mới trong cuộc trò chuyện hiện tại.
2026-04-01 18:18:12,309 [INFO] Sleep 9.32 giây.
2026-04-01 18:18:26,069 [INFO] Chưa có tin nhắn mới trong cuộc trò chuyện hiện tại.
2026-04-01 18:18:26,069 [INFO] Sleep 13.39 giây.
2026-04-01 18:18:43,733 [INFO] Chưa có tin nhắn mới trong cuộc trò chuyện hiện tại.
2026-04-01 18:18:43,733 [INFO] Sleep 14.17 giây.
2026-04-01 18:19:02,190 [INFO] Chưa có tin nhắn mới trong cuộc trò chuyện hiện tại.
2026-04-01 18:19:02,190 [INFO] Sleep 9.65 giây.
2026-04-01 18:19:15,732 [INFO] Chưa có tin nhắn mới trong cuộc trò chuyện hiện tại.
2026-04-01 18:19:15,732 [INFO] Sleep 11.12 giây.
2026-04-01 18:19:31,060 [INFO] Chưa có tin nhắn mới trong cuộc trò chuyện hiện tại.
2026-04-01 18:19:31,060 [INFO] Sleep 14.74 giây.
2026-04-01 18:19:50,343 [INFO] Chưa có tin nhắn mới trong cuộc trò chuyện hiện tại.
2026-04-01 18:19:50,343 [INFO] Sleep 13.62 giây.
2026-04-01 18:20:08,454 [INFO] Chưa có tin nhắn mới trong cuộc trò chuyện hiện tại.
2026-04-01 18:20:08,455 [INFO] Sleep 13.29 giây.
2026-04-01 18:20:25,649 [INFO] Chưa có tin nhắn mới trong cuộc trò chuyện hiện tại.
2026-04-01 18:20:25,649 [INFO] Sleep 12.45 giây.
2026-04-01 18:20:42,285 [INFO] Chưa có tin nhắn mới trong cuộc trò chuyện hiện tại.
2026-04-01 18:20:42,285 [INFO] Sleep 10.78 giây.
2026-04-01 18:20:57,117 [INFO] Chưa có tin nhắn mới trong cuộc trò chuyện hiện tại.
2026-04-01 18:20:57,130 [INFO] Sleep 10.51 giây.
2026-04-01 18:21:12,090 [INFO] Chưa có tin nhắn mới trong cuộc trò chuyện hiện tại.
2026-04-01 18:21:12,090 [INFO] Sleep 9.65 giây.
2026-04-01 18:21:27,570 [INFO] Chưa có tin nhắn mới trong cuộc trò chuyện hiện tại.
2026-04-01 18:21:27,570 [INFO] Sleep 10.65 giây.
2026-04-01 18:21:42,644 [INFO] Chưa có tin nhắn mới trong cuộc trò chuyện hiện tại.
2026-04-01 18:21:42,644 [INFO] Sleep 10.81 giây.
2026-04-01 18:21:58,319 [INFO] Chưa có tin nhắn mới trong cuộc trò chuyện hiện tại.
2026-04-01 18:21:58,320 [INFO] Sleep 11.67 giây.
2026-04-01 18:22:14,312 [INFO] Chưa có tin nhắn mới trong cuộc trò chuyện hiện tại.
2026-04-01 18:22:14,312 [INFO] Sleep 14.92 giây.
2026-04-01 18:22:33,505 [INFO] Chưa có tin nhắn mới trong cuộc trò chuyện hiện tại.
2026-04-01 18:22:33,506 [INFO] Sleep 14.91 giây.
2026-04-01 18:22:49,296 [INFO] Đóng driver.
2026-04-01 18:22:53,344 [WARNING] Retrying (Retry(total=2, connect=None, read=None, redirect=None, status=None)) after connection broken by 'NewConnectionError("HTTPConnection(host='localhost', port=50850): Failed to establish a new connection: [WinError 10061] No connection could be made because the target machine actively refused it")': /session/85c64387d6de2b2e3084cd59614c1ece
2026-04-01 18:22:57,402 [WARNING] Retrying (Retry(total=1, connect=None, read=None, redirect=None, status=None)) after connection broken by 'NewConnectionError("HTTPConnection(host='localhost', port=50850): Failed to establish a new connection: [WinError 10061] No connection could be made because the target machine actively refused it")': /session/85c64387d6de2b2e3084cd59614c1ece
2026-04-01 18:23:01,444 [WARNING] Retrying (Retry(total=0, connect=None, read=None, redirect=None, status=None)) after connection broken by 'NewConnectionError("HTTPConnection(host='localhost', port=50850): Failed to establish a new connection: [WinError 10061] No connection could be made because the target machine actively refused it")': /session/85c64387d6de2b2e3084cd59614c1ece
2026-04-01 18:23:34,751 [INFO] Khởi động với 1 keyword
2026-04-01 18:23:34,751 [INFO] ====== WebDriver manager ======
2026-04-01 18:23:38,449 [INFO] Get LATEST chromedriver version for google-chrome
2026-04-01 18:23:38,646 [INFO] Get LATEST chromedriver version for google-chrome
2026-04-01 18:23:38,785 [INFO] Driver [C:\Users\Gia Bao\.wdm\drivers\chromedriver\win64\146.0.7680.165\chromedriver-win32/chromedriver.exe] found in cache
